<?xml version="1.0" encoding="UTF-8"?>
<!-- Generated by org.testng.reporters.JUnitReportReporter -->
<testsuite skipped="0" hostname="DESKTOP-RNHA3K1" name="com.dfasdf.tessst" tests="1" failures="0" timestamp="01 Aug 2022 11:10:02 GMT" time="10.226" errors="0">
  <testcase name="launch" time="10.226" classname="com.dfasdf.tessst"/>
</testsuite> <!-- com.dfasdf.tessst -->
